<?xml version="1.0" encoding="UTF-8"?>
<!-- Generated by org.testng.reporters.JUnitXMLReporter -->
<testsuite ignored="0" hostname="CWT-LPT-193" failures="0" tests="3" name="All CRUD Tests" time="4.732" errors="0" timestamp="25 Jun 2024 09:54:59 GMT">
  <testcase classname="ex_220624.CRUD.POST.Lab073" name="postRequestBDDPositive" time="2.325"/>
  <testcase classname="ex_220624.CRUD.POST.Lab074" name="postRequestNonBDDNegative" time="1.171"/>
  <testcase classname="ex_220624.CRUD.POST.Lab074" name="postRequestNonBDDPositive" time="1.175"/>
</testsuite> <!-- All CRUD Tests -->
