<?xml version="1.0" encoding="UTF-8"?>
<!-- Generated by org.testng.reporters.JUnitXMLReporter -->
<testsuite ignored="0" hostname="CWT-LPT-193" failures="0" tests="5" name="ATB6xLearningRestAssured" time="3.95" errors="0" timestamp="23 Jun 2024 15:00:33 GMT">
  <testcase classname="ATB6xLearningRestAssured.com.ttaa.testng.Lab067" name="getRequestSample1" time="2.48"/>
  <testcase classname="ATB6xLearningRestAssured.com.ttaa.testng.Lab067" name="getRequestSample2" time="1.347"/>
  <testcase classname="ATB6xLearningRestAssured.com.ttaa.testng.Lab068" name="getRequest" time="0.003"/>
  <testcase classname="ATB6xLearningRestAssured.com.ttaa.testng.Lab068" name="getRequest2" time="0.004"/>
  <testcase classname="ATB6xLearningRestAssured.com.ttaa.testng.Lab068" name="getRequest3" time="0.003"/>
</testsuite> <!-- ATB6xLearningRestAssured -->
