<?xml version="1.0" encoding="UTF-8"?>
<!-- Generated by org.testng.reporters.JUnitXMLReporter -->
<testsuite ignored="0" hostname="CWT-LPT-193" failures="0" tests="2" name="ATB6xLearningRestAssured" time="3.336" errors="0" timestamp="24 Jun 2024 18:39:17 GMT">
  <testcase classname="ex_220624.CRUD.POST.Lab074" name="postRequestNonBDDNegative" time="2.138"/>
  <testcase classname="ex_220624.CRUD.POST.Lab074" name="postRequestNonBDDPositive" time="1.149"/>
</testsuite> <!-- ATB6xLearningRestAssured -->
