<?xml version="1.0" encoding="UTF-8"?>
<testng-results ignored="0" total="5" passed="5" failed="0" skipped="0">
  <reporter-output>
  </reporter-output>
  <suite started-at="2024-06-23T15:00:29Z" name="Restful booker API Test suite" finished-at="2024-06-23T15:00:33Z" duration-ms="3950">
    <groups>
    </groups>
    <test started-at="2024-06-23T15:00:29Z" name="ATB6xLearningRestAssured" finished-at="2024-06-23T15:00:33Z" duration-ms="3950">
      <class name="ATB6xLearningRestAssured.com.ttaa.testng.Lab067">
        <test-method signature="getRequestSample1()[pri:0, instance:ATB6xLearningRestAssured.com.ttaa.testng.Lab067@5d7148e2]" started-at="2024-06-23T20:30:29Z" name="getRequestSample1" finished-at="2024-06-23T20:30:31Z" duration-ms="2480" status="PASS">
          <reporter-output>
          </reporter-output>
        </test-method> <!-- getRequestSample1 -->
        <test-method signature="getRequestSample2()[pri:0, instance:ATB6xLearningRestAssured.com.ttaa.testng.Lab067@5d7148e2]" started-at="2024-06-23T20:30:31Z" name="getRequestSample2" finished-at="2024-06-23T20:30:33Z" duration-ms="1347" status="PASS">
          <reporter-output>
          </reporter-output>
        </test-method> <!-- getRequestSample2 -->
      </class> <!-- ATB6xLearningRestAssured.com.ttaa.testng.Lab067 -->
      <class name="ATB6xLearningRestAssured.com.ttaa.testng.Lab068">
        <test-method signature="getRequest()[pri:0, instance:ATB6xLearningRestAssured.com.ttaa.testng.Lab068@7bd4937b]" started-at="2024-06-23T20:30:33Z" name="getRequest" finished-at="2024-06-23T20:30:33Z" duration-ms="3" status="PASS">
          <reporter-output>
          </reporter-output>
        </test-method> <!-- getRequest -->
        <test-method signature="getRequest2()[pri:0, instance:ATB6xLearningRestAssured.com.ttaa.testng.Lab068@7bd4937b]" started-at="2024-06-23T20:30:33Z" name="getRequest2" finished-at="2024-06-23T20:30:33Z" duration-ms="4" status="PASS">
          <reporter-output>
          </reporter-output>
        </test-method> <!-- getRequest2 -->
        <test-method signature="getRequest3()[pri:0, instance:ATB6xLearningRestAssured.com.ttaa.testng.Lab068@7bd4937b]" started-at="2024-06-23T20:30:33Z" name="getRequest3" finished-at="2024-06-23T20:30:33Z" duration-ms="3" status="PASS">
          <reporter-output>
          </reporter-output>
        </test-method> <!-- getRequest3 -->
      </class> <!-- ATB6xLearningRestAssured.com.ttaa.testng.Lab068 -->
    </test> <!-- ATB6xLearningRestAssured -->
  </suite> <!-- Restful booker API Test suite -->
</testng-results>
