<?xml version="1.0" encoding="UTF-8"?>
<testng-results ignored="0" total="1" passed="1" failed="0" skipped="0">
  <reporter-output>
  </reporter-output>
  <suite started-at="2024-06-27T08:03:16Z" name="Default suite" finished-at="2024-06-27T08:03:21Z" duration-ms="4623">
    <groups>
    </groups>
    <test started-at="2024-06-27T08:03:16Z" name="Default test" finished-at="2024-06-27T08:03:21Z" duration-ms="4623">
      <class name="ex_220621.FULL.CRUD.Lab078">
        <test-method is-config="true" signature="getAToken()[pri:0, instance:ex_220621.FULL.CRUD.Lab078@6443b128]" started-at="2024-06-27T13:33:16Z" name="getAToken" finished-at="2024-06-27T13:33:19Z" duration-ms="2513" status="PASS">
          <reporter-output>
          </reporter-output>
        </test-method> <!-- getAToken -->
        <test-method is-config="true" signature="getBookingId()[pri:0, instance:ex_220621.FULL.CRUD.Lab078@6443b128]" started-at="2024-06-27T13:33:19Z" name="getBookingId" finished-at="2024-06-27T13:33:20Z" duration-ms="946" status="PASS">
          <reporter-output>
          </reporter-output>
        </test-method> <!-- getBookingId -->
        <test-method signature="testPutRequestPositive()[pri:0, instance:ex_220621.FULL.CRUD.Lab078@6443b128]" started-at="2024-06-27T13:33:20Z" name="testPutRequestPositive" finished-at="2024-06-27T13:33:21Z" duration-ms="1097" status="PASS">
          <reporter-output>
          </reporter-output>
        </test-method> <!-- testPutRequestPositive -->
      </class> <!-- ex_220621.FULL.CRUD.Lab078 -->
    </test> <!-- Default test -->
  </suite> <!-- Default suite -->
</testng-results>
